src/components/CompactTestAPI.tsx(10,7): error TS2739: Type 'GenreConfig' is missing the following properties from type '{ style: string; name: string; id: string; description: string; theme: { '--background-color': string; '--text-color': string; '--accent-color': string; '--font-family': string; }; startScreenImagePrompt: string; conceptPrompt: string; aiSystemInstruction: string; }': style, theme, startScreenImagePrompt, conceptPrompt, aiSystemInstruction
src/components/CompactTestAPI.tsx(17,3): error TS2820: Type '"Stable"' is not assignable to type '"stable" | "uneasy" | "paranoid" | "fragmented" | "shattered"'. Did you mean '"stable"'?
src/components/CompactTestAPI.tsx(25,5): error TS2741: Property 'timestamp' is missing in type '{ id: string; text: string; images: {}; }' but required in type '{ text: string; id: string; timestamp: number; corruptionLevel?: number | undefined; images?: { main?: string | undefined; mainStatus?: "loading" | "loaded" | "failed" | "retrying" | undefined; inset?: string[] | undefined; } | undefined; isRevised?: boolean | undefined; originalText?: string | undefined; isQuantumS...'.
src/components/CompactTestAPI.tsx(36,59): error TS2554: Expected 1 arguments, but got 2.
src/components/CompactTestAPI.tsx(50,9): error TS2554: Expected 1 arguments, but got 4.
src/components/CompactTestAPI.tsx(56,36): error TS2339: Property 'find' does not exist on type 'AIResponse'.
src/components/CompactTestAPI.tsx(56,41): error TS7006: Parameter 'c' implicitly has an 'any' type.
src/components/StartScreen.tsx(23,67): error TS2345: Argument of type 'GenreConfig' is not assignable to parameter of type '{ style: string; name: string; id: string; description: string; theme: { '--background-color': string; '--text-color': string; '--accent-color': string; '--font-family': string; }; startScreenImagePrompt: string; conceptPrompt: string; aiSystemInstruction: string; } | (() => { ...; })'.
  Type 'GenreConfig' is missing the following properties from type '{ style: string; name: string; id: string; description: string; theme: { '--background-color': string; '--text-color': string; '--accent-color': string; '--font-family': string; }; startScreenImagePrompt: string; conceptPrompt: string; aiSystemInstruction: string; }': style, theme, startScreenImagePrompt, conceptPrompt, aiSystemInstruction
src/components/StartScreen.tsx(56,53): error TS2345: Argument of type '{ id: `${string}-${string}-${string}-${string}-${string}`; text: string; images: {}; }' is not assignable to parameter of type '{ text: string; id: string; timestamp: number; corruptionLevel?: number | undefined; images?: { main?: string | undefined; mainStatus?: "loading" | "loaded" | "failed" | "retrying" | undefined; inset?: string[] | undefined; } | undefined; isRevised?: boolean | undefined; originalText?: string | undefined; isQuantumS...'.
  Property 'timestamp' is missing in type '{ id: `${string}-${string}-${string}-${string}-${string}`; text: string; images: {}; }' but required in type '{ text: string; id: string; timestamp: number; corruptionLevel?: number | undefined; images?: { main?: string | undefined; mainStatus?: "loading" | "loaded" | "failed" | "retrying" | undefined; inset?: string[] | undefined; } | undefined; isRevised?: boolean | undefined; originalText?: string | undefined; isQuantumS...'.
src/components/StartScreen.tsx(137,32): error TS2345: Argument of type 'GenreConfig' is not assignable to parameter of type 'SetStateAction<{ style: string; name: string; id: string; description: string; theme: { '--background-color': string; '--text-color': string; '--accent-color': string; '--font-family': string; }; startScreenImagePrompt: string; conceptPrompt: string; aiSystemInstruction: string; }>'.
  Type 'GenreConfig' is missing the following properties from type '{ style: string; name: string; id: string; description: string; theme: { '--background-color': string; '--text-color': string; '--accent-color': string; '--font-family': string; }; startScreenImagePrompt: string; conceptPrompt: string; aiSystemInstruction: string; }': style, theme, startScreenImagePrompt, conceptPrompt, aiSystemInstruction
src/flows/DescentFlow.ts(104,33): error TS2345: Argument of type 'Command[]' is not assignable to parameter of type '({ type: "createSegment"; payload: { id: string; }; } | { type: "displayText"; payload: { segmentId: string; content: string; }; } | { type: "wait"; payload: { duration: number; }; } | { type: "generateAmbiance"; payload: { ...; }; } | ... 4 more ... | { ...; })[]'.
  Type 'Command' is not assignable to type '{ type: "createSegment"; payload: { id: string; }; } | { type: "displayText"; payload: { segmentId: string; content: string; }; } | { type: "wait"; payload: { duration: number; }; } | { type: "generateAmbiance"; payload: { ...; }; } | ... 4 more ... | { ...; }'.
    Type '{ type: "applyCorruption"; payload: { level: number; effects: string[]; }; }' is not assignable to type '{ type: "createSegment"; payload: { id: string; }; } | { type: "displayText"; payload: { segmentId: string; content: string; }; } | { type: "wait"; payload: { duration: number; }; } | { type: "generateAmbiance"; payload: { ...; }; } | ... 4 more ... | { ...; }'.
      Type '{ type: "applyCorruption"; payload: { level: number; effects: string[]; }; }' is not assignable to type '{ type: "browserEffect"; payload: { effect: "changeTitle" | "openTab" | "manipulateHistory"; value?: string | undefined; }; }'.
        Types of property 'type' are incompatible.
          Type '"applyCorruption"' is not assignable to type '"browserEffect"'.
src/flows/DescentFlow.ts(263,11): error TS7034: Variable 'storyHistory' implicitly has type 'any[]' in some locations where its type cannot be determined.
src/flows/DescentFlow.ts(268,7): error TS2554: Expected 1 arguments, but got 5.
src/flows/DescentFlow.ts(270,7): error TS7005: Variable 'storyHistory' implicitly has an 'any[]' type.
src/flows/FlowContextBuilder.ts(29,7): error TS2322: Type '{ text: string; id: string; timestamp: number; corruptionLevel?: number | undefined; images?: { main?: string | undefined; mainStatus?: "loading" | "loaded" | "failed" | "retrying" | undefined; inset?: string[] | undefined; } | undefined; isRevised?: boolean | undefined; originalText?: string | undefined; isQuantumS...' is not assignable to type 'StorySegment[]'.
  Type '{ text: string; id: string; timestamp: number; corruptionLevel?: number | undefined; images?: { main?: string | undefined; mainStatus?: "loading" | "loaded" | "failed" | "retrying" | undefined; inset?: string[] | undefined; } | undefined; isRevised?: boolean | undefined; originalText?: string | undefined; isQuantumS...' is not assignable to type 'StorySegment'.
    Types of property 'images' are incompatible.
      Type '{ main?: string | undefined; mainStatus?: "loading" | "loaded" | "failed" | "retrying" | undefined; inset?: string[] | undefined; } | undefined' is not assignable to type '{ main?: string | undefined; inset?: string[] | undefined; mainStatus?: "loading" | "loaded" | "failed" | undefined; } | undefined'.
        Type '{ main?: string | undefined; mainStatus?: "loading" | "loaded" | "failed" | "retrying" | undefined; inset?: string[] | undefined; }' is not assignable to type '{ main?: string | undefined; inset?: string[] | undefined; mainStatus?: "loading" | "loaded" | "failed" | undefined; }'.
          Types of property 'mainStatus' are incompatible.
            Type '"loading" | "loaded" | "failed" | "retrying" | undefined' is not assignable to type '"loading" | "loaded" | "failed" | undefined'.
              Type '"retrying"' is not assignable to type '"loading" | "loaded" | "failed" | undefined'.
src/flows/FlowContextBuilder.ts(45,7): error TS2322: Type '{ text: string; id: string; timestamp: number; corruptionLevel?: number | undefined; images?: { main?: string | undefined; mainStatus?: "loading" | "loaded" | "failed" | "retrying" | undefined; inset?: string[] | undefined; } | undefined; isRevised?: boolean | undefined; originalText?: string | undefined; isQuantumS...' is not assignable to type 'StorySegment[]'.
  Type '{ text: string; id: string; timestamp: number; corruptionLevel?: number | undefined; images?: { main?: string | undefined; mainStatus?: "loading" | "loaded" | "failed" | "retrying" | undefined; inset?: string[] | undefined; } | undefined; isRevised?: boolean | undefined; originalText?: string | undefined; isQuantumS...' is not assignable to type 'StorySegment'.
    Types of property 'images' are incompatible.
      Type '{ main?: string | undefined; mainStatus?: "loading" | "loaded" | "failed" | "retrying" | undefined; inset?: string[] | undefined; } | undefined' is not assignable to type '{ main?: string | undefined; inset?: string[] | undefined; mainStatus?: "loading" | "loaded" | "failed" | undefined; } | undefined'.
        Type '{ main?: string | undefined; mainStatus?: "loading" | "loaded" | "failed" | "retrying" | undefined; inset?: string[] | undefined; }' is not assignable to type '{ main?: string | undefined; inset?: string[] | undefined; mainStatus?: "loading" | "loaded" | "failed" | undefined; }'.
          Types of property 'mainStatus' are incompatible.
            Type '"loading" | "loaded" | "failed" | "retrying" | undefined' is not assignable to type '"loading" | "loaded" | "failed" | undefined'.
              Type '"retrying"' is not assignable to type '"loading" | "loaded" | "failed" | undefined'.
src/flows/UnravelingFlow.ts(56,7): error TS2820: Type '"Fragmented"' is not assignable to type '"stable" | "uneasy" | "paranoid" | "fragmented" | "shattered" | undefined'. Did you mean '"fragmented"'?
src/flows/UnravelingFlow.ts(98,33): error TS2345: Argument of type 'Command[]' is not assignable to parameter of type '({ type: "createSegment"; payload: { id: string; }; } | { type: "displayText"; payload: { segmentId: string; content: string; }; } | { type: "wait"; payload: { duration: number; }; } | { type: "generateAmbiance"; payload: { ...; }; } | ... 4 more ... | { ...; })[]'.
  Type 'Command' is not assignable to type '{ type: "createSegment"; payload: { id: string; }; } | { type: "displayText"; payload: { segmentId: string; content: string; }; } | { type: "wait"; payload: { duration: number; }; } | { type: "generateAmbiance"; payload: { ...; }; } | ... 4 more ... | { ...; }'.
    Type '{ type: "applyCorruption"; payload: { level: number; effects: string[]; }; }' is not assignable to type '{ type: "createSegment"; payload: { id: string; }; } | { type: "displayText"; payload: { segmentId: string; content: string; }; } | { type: "wait"; payload: { duration: number; }; } | { type: "generateAmbiance"; payload: { ...; }; } | ... 4 more ... | { ...; }'.
      Type '{ type: "applyCorruption"; payload: { level: number; effects: string[]; }; }' is not assignable to type '{ type: "browserEffect"; payload: { effect: "changeTitle" | "openTab" | "manipulateHistory"; value?: string | undefined; }; }'.
        Types of property 'type' are incompatible.
          Type '"applyCorruption"' is not assignable to type '"browserEffect"'.
src/flows/UnravelingFlow.ts(308,11): error TS7034: Variable 'storyHistory' implicitly has type 'any[]' in some locations where its type cannot be determined.
src/flows/UnravelingFlow.ts(312,7): error TS2554: Expected 1 arguments, but got 5.
src/flows/UnravelingFlow.ts(314,7): error TS7005: Variable 'storyHistory' implicitly has an 'any[]' type.
src/hooks/useGameLoop.ts(31,11): error TS2554: Expected 1 arguments, but got 4.
src/hooks/useGameLoop.ts(37,20): error TS2339: Property 'revisedHistory' does not exist on type 'void'.
src/hooks/useGameLoop.ts(38,38): error TS2339: Property 'revisedHistory' does not exist on type 'void'.
src/hooks/useGameLoop.ts(43,27): error TS2345: Argument of type 'void' is not assignable to parameter of type 'Partial<GameStepResult>'.
src/hooks/useGameLoop.ts(46,42): error TS2339: Property 'commands' does not exist on type 'void'.
src/hooks/useGameLoop.ts(73,25): error TS2345: Argument of type '{ text: string; isIntrusive: false; }' is not assignable to parameter of type '{ text: string; id: string; isIntrusive: boolean; segmentId?: string | undefined; consequence?: string | undefined; psychologicalWeight?: number | undefined; }'.
  Property 'id' is missing in type '{ text: string; isIntrusive: false; }' but required in type '{ text: string; id: string; isIntrusive: boolean; segmentId?: string | undefined; consequence?: string | undefined; psychologicalWeight?: number | undefined; }'.
src/services/ai/engines/NeuralEchoChambers.ts(124,7): error TS2367: This comparison appears to be unintentional because the types '"stable" | "uneasy" | "paranoid" | "fragmented" | "shattered"' and '"Paranoid"' have no overlap.
src/services/ai/engines/QuantumNarrativeEngine.ts(45,15): error TS2741: Property 'timestamp' is missing in type '{ id: string; text: string; images: {}; isQuantumShift: true; }' but required in type '{ text: string; id: string; timestamp: number; corruptionLevel?: number | undefined; images?: { main?: string | undefined; mainStatus?: "loading" | "loaded" | "failed" | "retrying" | undefined; inset?: string[] | undefined; } | undefined; isRevised?: boolean | undefined; originalText?: string | undefined; isQuantumS...'.
src/services/ai/genkit.ts(103,26): error TS2339: Property 'FALLBACK_TEXT' does not exist on type '{ PRIMARY_TEXT: string; PRIMARY_IMAGE: string; FALLBACK_IMAGE: string; SECONDARY_FALLBACK_IMAGE: string; CONCEPT_GENERATION: { model: string; temperature: number; topK: number; topP: number; maxOutputTokens: number; enableThinking: boolean; thinkingBudget: string; contextWindow: number; }; STORY_PROGRESSION: { ...; ...'.
src/services/ai/genkit.ts(152,11): error TS2741: Property 'id' is missing in type '{ text: string; isIntrusive: false; segmentId: string; }' but required in type '{ text: string; id: string; isIntrusive: boolean; segmentId?: string | undefined; consequence?: string | undefined; psychologicalWeight?: number | undefined; }'.
src/services/ai/genkit.ts(153,11): error TS2741: Property 'id' is missing in type '{ text: string; isIntrusive: true; segmentId: string; }' but required in type '{ text: string; id: string; isIntrusive: boolean; segmentId?: string | undefined; consequence?: string | undefined; psychologicalWeight?: number | undefined; }'.
src/services/ai/secureGenkit.ts(32,9): error TS2741: Property 'id' is missing in type '{ text: string; isIntrusive: false; }' but required in type '{ text: string; id: string; isIntrusive: boolean; segmentId?: string | undefined; consequence?: string | undefined; psychologicalWeight?: number | undefined; }'.
src/services/ai/secureGenkit.ts(33,9): error TS2741: Property 'id' is missing in type '{ text: string; isIntrusive: false; }' but required in type '{ text: string; id: string; isIntrusive: boolean; segmentId?: string | undefined; consequence?: string | undefined; psychologicalWeight?: number | undefined; }'.
src/services/ai/secureGenkit.ts(34,9): error TS2741: Property 'id' is missing in type '{ text: string; isIntrusive: true; }' but required in type '{ text: string; id: string; isIntrusive: boolean; segmentId?: string | undefined; consequence?: string | undefined; psychologicalWeight?: number | undefined; }'.
src/services/flows/gameFlow.ts(22,22): error TS2554: Expected 0 arguments, but got 2.
src/services/index.ts(14,15): error TS2307: Cannot find module './images/imagePipeline' or its corresponding type declarations.
src/services/index.ts(15,15): error TS2307: Cannot find module './images/imageCache' or its corresponding type declarations.
src/stores/aiModelStore.ts(10,10): error TS2305: Module '"../services/ai/grokService"' has no exported member 'xaiClient'.
src/stores/worldStateStore.ts(19,3): error TS2820: Type '"Stable"' is not assignable to type '"stable" | "uneasy" | "paranoid" | "fragmented" | "shattered"'. Did you mean '"stable"'?
