src/components/CompactTestAPI.tsx(4,10): error TS2305: Module '"../services/ai/unifiedAIService"' has no exported member 'generateNextStepWithSelectedModel'.
src/components/CompactTestAPI.tsx(56,41): error TS7006: Parameter 'c' implicitly has an 'any' type.
src/flows/DescentFlow.ts(22,10): error TS2305: Module '"../services/ai/unifiedAIService"' has no exported member 'generateWithSelectedModel'.
src/flows/DescentFlow.ts(85,59): error TS2345: Argument of type 'Choice' is not assignable to parameter of type '{ text: string; isIntrusive: boolean; segmentId?: string | undefined; }'.
  Types of property 'isIntrusive' are incompatible.
    Type 'boolean | undefined' is not assignable to type 'boolean'.
      Type 'undefined' is not assignable to type 'boolean'.
src/flows/DescentFlow.ts(104,33): error TS2345: Argument of type 'Command[]' is not assignable to parameter of type '({ type: "createSegment"; payload: { id: string; }; } | { type: "displayText"; payload: { segmentId: string; content: string; }; } | { type: "wait"; payload: { duration: number; }; } | { type: "generateAmbiance"; payload: { ...; }; } | ... 4 more ... | { ...; })[]'.
  Type 'Command' is not assignable to type '{ type: "createSegment"; payload: { id: string; }; } | { type: "displayText"; payload: { segmentId: string; content: string; }; } | { type: "wait"; payload: { duration: number; }; } | { type: "generateAmbiance"; payload: { ...; }; } | ... 4 more ... | { ...; }'.
    Type '{ type: "displayChoices"; payload: { choices: Choice[]; intrusiveThought?: Choice | undefined; }; }' is not assignable to type '{ type: "createSegment"; payload: { id: string; }; } | { type: "displayText"; payload: { segmentId: string; content: string; }; } | { type: "wait"; payload: { duration: number; }; } | { type: "generateAmbiance"; payload: { ...; }; } | ... 4 more ... | { ...; }'.
      Type '{ type: "displayChoices"; payload: { choices: Choice[]; intrusiveThought?: Choice | undefined; }; }' is not assignable to type '{ type: "displayChoices"; payload: { choices: { text: string; isIntrusive: boolean; segmentId?: string | undefined; }[]; intrusiveThought?: { text: string; isIntrusive: boolean; segmentId?: string | undefined; } | undefined; predictedImagePrompt?: string | undefined; }; }'.
        The types of 'payload.choices' are incompatible between these types.
          Type 'Choice[]' is not assignable to type '{ text: string; isIntrusive: boolean; segmentId?: string | undefined; }[]'.
            Type 'Choice' is not assignable to type '{ text: string; isIntrusive: boolean; segmentId?: string | undefined; }'.
              Types of property 'isIntrusive' are incompatible.
                Type 'boolean | undefined' is not assignable to type 'boolean'.
                  Type 'undefined' is not assignable to type 'boolean'.
src/flows/DescentFlow.ts(173,65): error TS2345: Argument of type 'Choice' is not assignable to parameter of type '{ text: string; isIntrusive: boolean; segmentId?: string | undefined; }'.
  Types of property 'isIntrusive' are incompatible.
    Type 'boolean | undefined' is not assignable to type 'boolean'.
      Type 'undefined' is not assignable to type 'boolean'.
src/flows/DescentFlow.ts(178,27): error TS2339: Property 'isActive' does not exist on type 'TemporalRevisionEngine | MetaConsciousnessEngine | QuantumNarrativeEngine | AdaptiveHorrorEngine | ... 4 more ... | BreakingFifthWall'.
  Property 'isActive' does not exist on type 'TemporalRevisionEngine'.
src/flows/DescentFlow.ts(178,62): error TS2339: Property 'isActive' does not exist on type 'TemporalRevisionEngine | MetaConsciousnessEngine | QuantumNarrativeEngine | AdaptiveHorrorEngine | ... 4 more ... | BreakingFifthWall'.
  Property 'isActive' does not exist on type 'TemporalRevisionEngine'.
src/flows/DescentFlow.ts(183,27): error TS2339: Property 'process' does not exist on type 'TemporalRevisionEngine | MetaConsciousnessEngine | QuantumNarrativeEngine | AdaptiveHorrorEngine | ... 4 more ... | BreakingFifthWall'.
  Property 'process' does not exist on type 'TemporalRevisionEngine'.
src/flows/DescentFlow.ts(184,39): error TS2339: Property 'process' does not exist on type 'TemporalRevisionEngine | MetaConsciousnessEngine | QuantumNarrativeEngine | AdaptiveHorrorEngine | ... 4 more ... | BreakingFifthWall'.
  Property 'process' does not exist on type 'TemporalRevisionEngine'.
src/flows/DescentFlow.ts(186,34): error TS2339: Property 'generateInstructions' does not exist on type 'TemporalRevisionEngine | MetaConsciousnessEngine | QuantumNarrativeEngine | AdaptiveHorrorEngine | ... 4 more ... | BreakingFifthWall'.
  Property 'generateInstructions' does not exist on type 'TemporalRevisionEngine'.
src/flows/DescentFlow.ts(188,39): error TS2339: Property 'generateInstructions' does not exist on type 'TemporalRevisionEngine | MetaConsciousnessEngine | QuantumNarrativeEngine | AdaptiveHorrorEngine | ... 4 more ... | BreakingFifthWall'.
  Property 'generateInstructions' does not exist on type 'TemporalRevisionEngine'.
src/flows/DescentFlow.ts(190,32): error TS2339: Property 'name' does not exist on type 'TemporalRevisionEngine | MetaConsciousnessEngine | QuantumNarrativeEngine | AdaptiveHorrorEngine | ... 4 more ... | BreakingFifthWall'.
  Property 'name' does not exist on type 'TemporalRevisionEngine'.
src/flows/DescentFlow.ts(197,40): error TS2339: Property 'name' does not exist on type 'TemporalRevisionEngine | MetaConsciousnessEngine | QuantumNarrativeEngine | AdaptiveHorrorEngine | ... 4 more ... | BreakingFifthWall'.
  Property 'name' does not exist on type 'TemporalRevisionEngine'.
src/flows/DescentFlow.ts(261,11): error TS7034: Variable 'storyHistory' implicitly has type 'any[]' in some locations where its type cannot be determined.
src/flows/DescentFlow.ts(268,7): error TS7005: Variable 'storyHistory' implicitly has an 'any[]' type.
src/flows/FlowContextBuilder.ts(29,7): error TS2322: Type '{ id: string; text: string; images: { main?: string | undefined; inset?: string[] | undefined; mainStatus?: "loading" | "loaded" | "failed" | "retrying" | undefined; }; isRevised?: boolean | undefined; originalText?: string | undefined; isQuantumShift?: boolean | undefined; isMetaEvent?: boolean | undefined; corrupt...' is not assignable to type 'StorySegment[]'.
  Property 'timestamp' is missing in type '{ id: string; text: string; images: { main?: string | undefined; inset?: string[] | undefined; mainStatus?: "loading" | "loaded" | "failed" | "retrying" | undefined; }; isRevised?: boolean | undefined; originalText?: string | undefined; isQuantumShift?: boolean | undefined; isMetaEvent?: boolean | undefined; corrupt...' but required in type 'StorySegment'.
src/flows/FlowContextBuilder.ts(31,7): error TS2741: Property 'id' is missing in type '{ text: string; isIntrusive: boolean; segmentId?: string | undefined; }' but required in type 'Choice'.
src/flows/FlowContextBuilder.ts(45,7): error TS2322: Type '{ id: string; text: string; images: { main?: string | undefined; inset?: string[] | undefined; mainStatus?: "loading" | "loaded" | "failed" | "retrying" | undefined; }; isRevised?: boolean | undefined; originalText?: string | undefined; isQuantumShift?: boolean | undefined; isMetaEvent?: boolean | undefined; corrupt...' is not assignable to type 'StorySegment[]'.
  Property 'timestamp' is missing in type '{ id: string; text: string; images: { main?: string | undefined; inset?: string[] | undefined; mainStatus?: "loading" | "loaded" | "failed" | "retrying" | undefined; }; isRevised?: boolean | undefined; originalText?: string | undefined; isQuantumShift?: boolean | undefined; isMetaEvent?: boolean | undefined; corrupt...' but required in type 'StorySegment'.
src/flows/FlowContextBuilder.ts(47,7): error TS2322: Type '{ text: string; isIntrusive: boolean; segmentId?: string | undefined; } | undefined' is not assignable to type 'Choice | undefined'.
  Property 'id' is missing in type '{ text: string; isIntrusive: boolean; segmentId?: string | undefined; }' but required in type 'Choice'.
src/flows/FlowContextBuilder.ts(65,49): error TS2339: Property 'profile' does not exist on type 'UserState'.
src/flows/FlowContextBuilder.ts(90,57): error TS2339: Property 'timestamp' does not exist on type '{ id: string; text: string; images: { main?: string | undefined; inset?: string[] | undefined; mainStatus?: "loading" | "loaded" | "failed" | "retrying" | undefined; }; isRevised?: boolean | undefined; originalText?: string | undefined; isQuantumShift?: boolean | undefined; isMetaEvent?: boolean | undefined; corrupt...'.
src/flows/FlowCoordinator.ts(108,65): error TS2345: Argument of type 'Choice' is not assignable to parameter of type '{ text: string; isIntrusive: boolean; segmentId?: string | undefined; }'.
  Types of property 'isIntrusive' are incompatible.
    Type 'boolean | undefined' is not assignable to type 'boolean'.
      Type 'undefined' is not assignable to type 'boolean'.
src/flows/FlowCoordinator.ts(114,27): error TS2339: Property 'isActive' does not exist on type 'TemporalRevisionEngine | MetaConsciousnessEngine | QuantumNarrativeEngine | AdaptiveHorrorEngine | ... 4 more ... | BreakingFifthWall'.
  Property 'isActive' does not exist on type 'TemporalRevisionEngine'.
src/flows/FlowCoordinator.ts(114,62): error TS2339: Property 'isActive' does not exist on type 'TemporalRevisionEngine | MetaConsciousnessEngine | QuantumNarrativeEngine | AdaptiveHorrorEngine | ... 4 more ... | BreakingFifthWall'.
  Property 'isActive' does not exist on type 'TemporalRevisionEngine'.
src/flows/FlowCoordinator.ts(119,27): error TS2339: Property 'process' does not exist on type 'TemporalRevisionEngine | MetaConsciousnessEngine | QuantumNarrativeEngine | AdaptiveHorrorEngine | ... 4 more ... | BreakingFifthWall'.
  Property 'process' does not exist on type 'TemporalRevisionEngine'.
src/flows/FlowCoordinator.ts(120,39): error TS2339: Property 'process' does not exist on type 'TemporalRevisionEngine | MetaConsciousnessEngine | QuantumNarrativeEngine | AdaptiveHorrorEngine | ... 4 more ... | BreakingFifthWall'.
  Property 'process' does not exist on type 'TemporalRevisionEngine'.
src/flows/FlowCoordinator.ts(122,34): error TS2339: Property 'generateInstructions' does not exist on type 'TemporalRevisionEngine | MetaConsciousnessEngine | QuantumNarrativeEngine | AdaptiveHorrorEngine | ... 4 more ... | BreakingFifthWall'.
  Property 'generateInstructions' does not exist on type 'TemporalRevisionEngine'.
src/flows/FlowCoordinator.ts(124,39): error TS2339: Property 'generateInstructions' does not exist on type 'TemporalRevisionEngine | MetaConsciousnessEngine | QuantumNarrativeEngine | AdaptiveHorrorEngine | ... 4 more ... | BreakingFifthWall'.
  Property 'generateInstructions' does not exist on type 'TemporalRevisionEngine'.
src/flows/FlowCoordinator.ts(126,32): error TS2339: Property 'name' does not exist on type 'TemporalRevisionEngine | MetaConsciousnessEngine | QuantumNarrativeEngine | AdaptiveHorrorEngine | ... 4 more ... | BreakingFifthWall'.
  Property 'name' does not exist on type 'TemporalRevisionEngine'.
src/flows/FlowCoordinator.ts(133,40): error TS2339: Property 'name' does not exist on type 'TemporalRevisionEngine | MetaConsciousnessEngine | QuantumNarrativeEngine | AdaptiveHorrorEngine | ... 4 more ... | BreakingFifthWall'.
  Property 'name' does not exist on type 'TemporalRevisionEngine'.
src/flows/UnravelingFlow.ts(24,10): error TS2305: Module '"../services/ai/unifiedAIService"' has no exported member 'generateWithSelectedModel'.
src/flows/UnravelingFlow.ts(75,59): error TS2345: Argument of type 'Choice' is not assignable to parameter of type '{ text: string; isIntrusive: boolean; segmentId?: string | undefined; }'.
  Types of property 'isIntrusive' are incompatible.
    Type 'boolean | undefined' is not assignable to type 'boolean'.
      Type 'undefined' is not assignable to type 'boolean'.
src/flows/UnravelingFlow.ts(98,33): error TS2345: Argument of type 'Command[]' is not assignable to parameter of type '({ type: "createSegment"; payload: { id: string; }; } | { type: "displayText"; payload: { segmentId: string; content: string; }; } | { type: "wait"; payload: { duration: number; }; } | { type: "generateAmbiance"; payload: { ...; }; } | ... 4 more ... | { ...; })[]'.
  Type 'Command' is not assignable to type '{ type: "createSegment"; payload: { id: string; }; } | { type: "displayText"; payload: { segmentId: string; content: string; }; } | { type: "wait"; payload: { duration: number; }; } | { type: "generateAmbiance"; payload: { ...; }; } | ... 4 more ... | { ...; }'.
    Type '{ type: "displayChoices"; payload: { choices: Choice[]; intrusiveThought?: Choice | undefined; }; }' is not assignable to type '{ type: "createSegment"; payload: { id: string; }; } | { type: "displayText"; payload: { segmentId: string; content: string; }; } | { type: "wait"; payload: { duration: number; }; } | { type: "generateAmbiance"; payload: { ...; }; } | ... 4 more ... | { ...; }'.
      Type '{ type: "displayChoices"; payload: { choices: Choice[]; intrusiveThought?: Choice | undefined; }; }' is not assignable to type '{ type: "displayChoices"; payload: { choices: { text: string; isIntrusive: boolean; segmentId?: string | undefined; }[]; intrusiveThought?: { text: string; isIntrusive: boolean; segmentId?: string | undefined; } | undefined; predictedImagePrompt?: string | undefined; }; }'.
        The types of 'payload.choices' are incompatible between these types.
          Type 'Choice[]' is not assignable to type '{ text: string; isIntrusive: boolean; segmentId?: string | undefined; }[]'.
            Type 'Choice' is not assignable to type '{ text: string; isIntrusive: boolean; segmentId?: string | undefined; }'.
              Types of property 'isIntrusive' are incompatible.
                Type 'boolean | undefined' is not assignable to type 'boolean'.
                  Type 'undefined' is not assignable to type 'boolean'.
src/flows/UnravelingFlow.ts(206,65): error TS2345: Argument of type 'Choice' is not assignable to parameter of type '{ text: string; isIntrusive: boolean; segmentId?: string | undefined; }'.
  Types of property 'isIntrusive' are incompatible.
    Type 'boolean | undefined' is not assignable to type 'boolean'.
      Type 'undefined' is not assignable to type 'boolean'.
src/flows/UnravelingFlow.ts(212,27): error TS2339: Property 'process' does not exist on type 'TemporalRevisionEngine | MetaConsciousnessEngine | QuantumNarrativeEngine | AdaptiveHorrorEngine | ... 4 more ... | BreakingFifthWall'.
  Property 'process' does not exist on type 'TemporalRevisionEngine'.
src/flows/UnravelingFlow.ts(213,39): error TS2339: Property 'process' does not exist on type 'TemporalRevisionEngine | MetaConsciousnessEngine | QuantumNarrativeEngine | AdaptiveHorrorEngine | ... 4 more ... | BreakingFifthWall'.
  Property 'process' does not exist on type 'TemporalRevisionEngine'.
src/flows/UnravelingFlow.ts(221,34): error TS2339: Property 'generateInstructions' does not exist on type 'TemporalRevisionEngine | MetaConsciousnessEngine | QuantumNarrativeEngine | AdaptiveHorrorEngine | ... 4 more ... | BreakingFifthWall'.
  Property 'generateInstructions' does not exist on type 'TemporalRevisionEngine'.
src/flows/UnravelingFlow.ts(222,39): error TS2339: Property 'generateInstructions' does not exist on type 'TemporalRevisionEngine | MetaConsciousnessEngine | QuantumNarrativeEngine | AdaptiveHorrorEngine | ... 4 more ... | BreakingFifthWall'.
  Property 'generateInstructions' does not exist on type 'TemporalRevisionEngine'.
src/flows/UnravelingFlow.ts(228,32): error TS2339: Property 'name' does not exist on type 'TemporalRevisionEngine | MetaConsciousnessEngine | QuantumNarrativeEngine | AdaptiveHorrorEngine | ... 4 more ... | BreakingFifthWall'.
  Property 'name' does not exist on type 'TemporalRevisionEngine'.
src/flows/UnravelingFlow.ts(235,40): error TS2339: Property 'name' does not exist on type 'TemporalRevisionEngine | MetaConsciousnessEngine | QuantumNarrativeEngine | AdaptiveHorrorEngine | ... 4 more ... | BreakingFifthWall'.
  Property 'name' does not exist on type 'TemporalRevisionEngine'.
src/flows/UnravelingFlow.ts(306,11): error TS7034: Variable 'storyHistory' implicitly has type 'any[]' in some locations where its type cannot be determined.
src/flows/UnravelingFlow.ts(312,7): error TS7005: Variable 'storyHistory' implicitly has an 'any[]' type.
src/services/__mocks__/ai/unifiedAIService.ts(5,49): error TS2304: Cannot find name 'jest'.
src/services/__mocks__/ai/unifiedAIService.ts(11,50): error TS2304: Cannot find name 'jest'.
src/services/__mocks__/ai/unifiedAIService.ts(31,42): error TS2304: Cannot find name 'jest'.
src/services/ai/director.ts(2,10): error TS2305: Module '"./unifiedAIService"' has no exported member 'generateWithSelectedModel'.
src/services/ai/engines/AdaptiveHorrorEngine.ts(3,10): error TS2305: Module '"../unifiedAIService"' has no exported member 'generateWithSelectedModel'.
src/services/ai/engines/AdaptiveHorrorEngine.ts(104,16): error TS7006: Parameter 't' implicitly has an 'any' type.
src/services/ai/engines/AdaptiveHorrorEngine.ts(105,19): error TS7006: Parameter 't' implicitly has an 'any' type.
src/services/ai/engines/MetaConsciousnessEngine.ts(3,10): error TS2305: Module '"../unifiedAIService"' has no exported member 'generateWithSelectedModel'.
src/services/ai/engines/QuantumNarrativeEngine.ts(3,10): error TS2305: Module '"../unifiedAIService"' has no exported member 'generateWithSelectedModel'.
src/services/ai/engines/RealityCorruptionEngine.ts(3,10): error TS2305: Module '"../unifiedAIService"' has no exported member 'generateWithSelectedModel'.
src/services/ai/engines/RealityCorruptionEngine.ts(71,59): error TS7006: Parameter 't' implicitly has an 'any' type.
src/services/ai/engines/TemporalRevisionEngine.ts(3,10): error TS2305: Module '"../unifiedAIService"' has no exported member 'generateWithSelectedModel'.
src/services/ai/unifiedAIService.ts(29,58): error TS2769: No overload matches this call.
  Overload 1 of 4, '(iterable?: Iterable<readonly [AIProvider, GrokService]> | null | undefined): Map<AIProvider, GrokService>', gave the following error.
    Argument of type '([AIProvider.GROK, GrokService] | [AIProvider.GEMINI_PRO, GeminiService] | [AIProvider.GEMINI_FLASH, GeminiService] | [...])[]' is not assignable to parameter of type 'Iterable<readonly [AIProvider, GrokService]>'.
      The types returned by '[Symbol.iterator]().next(...)' are incompatible between these types.
        Type 'IteratorResult<[AIProvider.GROK, GrokService] | [AIProvider.GEMINI_PRO, GeminiService] | [AIProvider.GEMINI_FLASH, GeminiService] | [...], undefined>' is not assignable to type 'IteratorResult<readonly [AIProvider, GrokService], any>'.
          Type 'IteratorYieldResult<[AIProvider.GROK, GrokService] | [AIProvider.GEMINI_PRO, GeminiService] | [AIProvider.GEMINI_FLASH, GeminiService] | [...]>' is not assignable to type 'IteratorResult<readonly [AIProvider, GrokService], any>'.
            Type 'IteratorYieldResult<[AIProvider.GROK, GrokService] | [AIProvider.GEMINI_PRO, GeminiService] | [AIProvider.GEMINI_FLASH, GeminiService] | [...]>' is not assignable to type 'IteratorYieldResult<readonly [AIProvider, GrokService]>'.
              Type '[AIProvider.GROK, GrokService] | [AIProvider.GEMINI_PRO, GeminiService] | [AIProvider.GEMINI_FLASH, GeminiService] | [...]' is not assignable to type 'readonly [AIProvider, GrokService]'.
                Type '[AIProvider.GEMINI_PRO, GeminiService]' is not assignable to type 'readonly [AIProvider, GrokService]'.
                  Type at position 1 in source is not compatible with type at position 1 in target.
                    The types of 'provider' are incompatible between these types.
                      Type 'AIProvider' is not assignable to type 'AIProvider.GROK'.
src/services/gameService.spec.ts(8,3): error TS2305: Module '"./ai/unifiedAIService"' has no exported member 'generateConceptWithSelectedModel'.
src/services/gameService.spec.ts(9,3): error TS2305: Module '"./ai/unifiedAIService"' has no exported member 'generateNextStepWithSelectedModel'.
src/services/gameService.spec.ts(17,1): error TS2304: Cannot find name 'jest'.
src/services/gameService.spec.ts(18,1): error TS2304: Cannot find name 'jest'.
src/services/gameService.spec.ts(19,1): error TS2304: Cannot find name 'jest'.
src/services/gameService.spec.ts(20,1): error TS2304: Cannot find name 'jest'.
src/services/gameService.spec.ts(22,20): error TS2304: Cannot find name 'jest'.
src/services/gameService.spec.ts(25,24): error TS2304: Cannot find name 'jest'.
src/services/gameService.spec.ts(28,27): error TS2304: Cannot find name 'jest'.
src/services/gameService.spec.ts(31,26): error TS2304: Cannot find name 'jest'.
src/services/gameService.spec.ts(32,33): error TS2304: Cannot find name 'jest'.
src/services/gameService.spec.ts(33,28): error TS2304: Cannot find name 'jest'.
src/services/gameService.spec.ts(36,24): error TS2304: Cannot find name 'jest'.
src/services/gameService.spec.ts(39,32): error TS2304: Cannot find name 'jest'.
src/services/gameService.spec.ts(40,19): error TS2304: Cannot find name 'jest'.
src/services/gameService.spec.ts(41,25): error TS2304: Cannot find name 'jest'.
src/services/gameService.spec.ts(44,29): error TS2304: Cannot find name 'jest'.
src/services/gameService.spec.ts(47,22): error TS2304: Cannot find name 'jest'.
src/services/gameService.spec.ts(48,29): error TS2304: Cannot find name 'jest'.
src/services/gameService.spec.ts(49,20): error TS2304: Cannot find name 'jest'.
src/services/gameService.spec.ts(52,23): error TS2304: Cannot find name 'jest'.
src/services/gameService.spec.ts(53,25): error TS2304: Cannot find name 'jest'.
src/services/gameService.spec.ts(58,67): error TS2503: Cannot find namespace 'jest'.
src/services/gameService.spec.ts(59,65): error TS2503: Cannot find namespace 'jest'.
src/services/gameService.spec.ts(60,48): error TS2503: Cannot find namespace 'jest'.
src/services/gameService.spec.ts(61,54): error TS2503: Cannot find namespace 'jest'.
src/services/gameService.spec.ts(62,32): error TS2503: Cannot find namespace 'jest'.
src/services/gameService.spec.ts(64,1): error TS2593: Cannot find name 'describe'. Do you need to install type definitions for a test runner? Try `npm i --save-dev @types/jest` or `npm i --save-dev @types/mocha` and then add 'jest' or 'mocha' to the types field in your tsconfig.
src/services/gameService.spec.ts(99,3): error TS2304: Cannot find name 'beforeEach'.
src/services/gameService.spec.ts(100,5): error TS2304: Cannot find name 'jest'.
src/services/gameService.spec.ts(104,30): error TS2503: Cannot find namespace 'jest'.
src/services/gameService.spec.ts(105,52): error TS2503: Cannot find namespace 'jest'.
src/services/gameService.spec.ts(106,59): error TS2503: Cannot find namespace 'jest'.
src/services/gameService.spec.ts(107,57): error TS2503: Cannot find namespace 'jest'.
src/services/gameService.spec.ts(108,57): error TS2503: Cannot find namespace 'jest'.
src/services/gameService.spec.ts(109,63): error TS2503: Cannot find namespace 'jest'.
src/services/gameService.spec.ts(110,64): error TS2503: Cannot find namespace 'jest'.
src/services/gameService.spec.ts(111,57): error TS2503: Cannot find namespace 'jest'.
src/services/gameService.spec.ts(114,3): error TS2593: Cannot find name 'describe'. Do you need to install type definitions for a test runner? Try `npm i --save-dev @types/jest` or `npm i --save-dev @types/mocha` and then add 'jest' or 'mocha' to the types field in your tsconfig.
src/services/gameService.spec.ts(115,5): error TS2593: Cannot find name 'it'. Do you need to install type definitions for a test runner? Try `npm i --save-dev @types/jest` or `npm i --save-dev @types/mocha` and then add 'jest' or 'mocha' to the types field in your tsconfig.
src/services/gameService.spec.ts(119,7): error TS2304: Cannot find name 'expect'.
src/services/gameService.spec.ts(120,7): error TS2304: Cannot find name 'expect'.
src/services/gameService.spec.ts(121,7): error TS2304: Cannot find name 'expect'.
src/services/gameService.spec.ts(122,7): error TS2304: Cannot find name 'expect'.
src/services/gameService.spec.ts(123,7): error TS2304: Cannot find name 'expect'.
src/services/gameService.spec.ts(124,7): error TS2304: Cannot find name 'expect'.
src/services/gameService.spec.ts(125,7): error TS2304: Cannot find name 'expect'.
src/services/gameService.spec.ts(126,7): error TS2304: Cannot find name 'expect'.
src/services/gameService.spec.ts(129,7): error TS2304: Cannot find name 'expect'.
src/services/gameService.spec.ts(132,5): error TS2593: Cannot find name 'it'. Do you need to install type definitions for a test runner? Try `npm i --save-dev @types/jest` or `npm i --save-dev @types/mocha` and then add 'jest' or 'mocha' to the types field in your tsconfig.
src/services/gameService.spec.ts(135,7): error TS2304: Cannot find name 'expect'.
src/services/gameService.spec.ts(136,7): error TS2304: Cannot find name 'expect'.
src/services/gameService.spec.ts(137,7): error TS2304: Cannot find name 'expect'.
src/services/gameService.spec.ts(140,5): error TS2593: Cannot find name 'it'. Do you need to install type definitions for a test runner? Try `npm i --save-dev @types/jest` or `npm i --save-dev @types/mocha` and then add 'jest' or 'mocha' to the types field in your tsconfig.
src/services/gameService.spec.ts(141,32): error TS2503: Cannot find namespace 'jest'.
src/services/gameService.spec.ts(145,7): error TS2304: Cannot find name 'expect'.
src/services/gameService.spec.ts(146,7): error TS2304: Cannot find name 'expect'.
src/services/gameService.spec.ts(147,7): error TS2304: Cannot find name 'expect'.
src/services/gameService.spec.ts(150,5): error TS2593: Cannot find name 'it'. Do you need to install type definitions for a test runner? Try `npm i --save-dev @types/jest` or `npm i --save-dev @types/mocha` and then add 'jest' or 'mocha' to the types field in your tsconfig.
src/services/gameService.spec.ts(151,54): error TS2503: Cannot find namespace 'jest'.
src/services/gameService.spec.ts(156,7): error TS2304: Cannot find name 'expect'.
src/services/gameService.spec.ts(158,7): error TS2304: Cannot find name 'expect'.
src/services/gameService.spec.ts(161,9): error TS2304: Cannot find name 'expect'.
src/services/gameService.spec.ts(166,3): error TS2593: Cannot find name 'describe'. Do you need to install type definitions for a test runner? Try `npm i --save-dev @types/jest` or `npm i --save-dev @types/mocha` and then add 'jest' or 'mocha' to the types field in your tsconfig.
src/services/gameService.spec.ts(167,5): error TS2593: Cannot find name 'it'. Do you need to install type definitions for a test runner? Try `npm i --save-dev @types/jest` or `npm i --save-dev @types/mocha` and then add 'jest' or 'mocha' to the types field in your tsconfig.
src/services/gameService.spec.ts(169,31): error TS2503: Cannot find namespace 'jest'.
src/services/gameService.spec.ts(173,7): error TS2304: Cannot find name 'expect'.
src/services/gameService.spec.ts(174,7): error TS2304: Cannot find name 'expect'.
src/services/gameService.spec.ts(178,3): error TS2593: Cannot find name 'describe'. Do you need to install type definitions for a test runner? Try `npm i --save-dev @types/jest` or `npm i --save-dev @types/mocha` and then add 'jest' or 'mocha' to the types field in your tsconfig.
src/services/gameService.spec.ts(179,5): error TS2593: Cannot find name 'it'. Do you need to install type definitions for a test runner? Try `npm i --save-dev @types/jest` or `npm i --save-dev @types/mocha` and then add 'jest' or 'mocha' to the types field in your tsconfig.
src/services/gameService.spec.ts(181,29): error TS2503: Cannot find namespace 'jest'.
src/services/gameService.spec.ts(185,7): error TS2304: Cannot find name 'expect'.
src/services/gameService.spec.ts(186,7): error TS2304: Cannot find name 'expect'.
src/services/gameService.spec.ts(190,3): error TS2593: Cannot find name 'describe'. Do you need to install type definitions for a test runner? Try `npm i --save-dev @types/jest` or `npm i --save-dev @types/mocha` and then add 'jest' or 'mocha' to the types field in your tsconfig.
src/services/gameService.spec.ts(191,5): error TS2593: Cannot find name 'it'. Do you need to install type definitions for a test runner? Try `npm i --save-dev @types/jest` or `npm i --save-dev @types/mocha` and then add 'jest' or 'mocha' to the types field in your tsconfig.
src/services/gameService.spec.ts(193,32): error TS2503: Cannot find namespace 'jest'.
src/services/gameService.spec.ts(197,7): error TS2304: Cannot find name 'expect'.
src/services/gameService.spec.ts(198,7): error TS2304: Cannot find name 'expect'.
src/services/gameService.ts(7,5): error TS2305: Module '"./ai/unifiedAIService"' has no exported member 'generateConceptWithSelectedModel'.
src/services/gameService.ts(8,5): error TS2305: Module '"./ai/unifiedAIService"' has no exported member 'generateNextStepWithSelectedModel'.
src/services/gameService.ts(217,30): error TS18046: 'commands' is of type 'unknown'.
src/services/gameService.ts(220,7): error TS2322: Type 'unknown' is not assignable to type '({ type: "createSegment"; payload: { id: string; }; } | { type: "displayText"; payload: { segmentId: string; content: string; }; } | { type: "wait"; payload: { duration: number; }; } | { type: "generateAmbiance"; payload: { ...; }; } | ... 4 more ... | { ...; })[]'.
src/stores/aiModelStore.ts(10,10): error TS2305: Module '"../services/ai/grokService"' has no exported member 'xaiClient'.
