src/commands/generateImage.ts(1,10): error TS2305: Module '"../services/gameService"' has no exported member 'generateImage'.
src/commands/pregenerateImage.ts(3,10): error TS2305: Module '"../services/gameService"' has no exported member 'generateImage'.
src/components/CompactTestAPI.tsx(3,10): error TS2305: Module '"../services/gameService"' has no exported member 'generateMultipleImages'.
src/components/CompactTestAPI.tsx(10,7): error TS2739: Type 'GenreConfig' is missing the following properties from type '{ style: string; name: string; id: string; description: string; theme: { '--background-color': string; '--text-color': string; '--accent-color': string; '--font-family': string; }; startScreenImagePrompt: string; conceptPrompt: string; aiSystemInstruction: string; }': style, theme, startScreenImagePrompt, conceptPrompt, aiSystemInstruction
src/components/CompactTestAPI.tsx(50,9): error TS2554: Expected 1 arguments, but got 4.
src/components/CompactTestAPI.tsx(56,36): error TS2339: Property 'find' does not exist on type 'AIResponse'.
src/components/CompactTestAPI.tsx(56,41): error TS7006: Parameter 'c' implicitly has an 'any' type.
src/components/StartScreen.tsx(2,10): error TS2305: Module '"../services/gameService"' has no exported member 'generateConcept'.
src/components/StartScreen.tsx(23,67): error TS2345: Argument of type 'GenreConfig' is not assignable to parameter of type '{ style: string; name: string; id: string; description: string; theme: { '--background-color': string; '--text-color': string; '--accent-color': string; '--font-family': string; }; startScreenImagePrompt: string; conceptPrompt: string; aiSystemInstruction: string; } | (() => { ...; })'.
  Type 'GenreConfig' is missing the following properties from type '{ style: string; name: string; id: string; description: string; theme: { '--background-color': string; '--text-color': string; '--accent-color': string; '--font-family': string; }; startScreenImagePrompt: string; conceptPrompt: string; aiSystemInstruction: string; }': style, theme, startScreenImagePrompt, conceptPrompt, aiSystemInstruction
src/components/StartScreen.tsx(137,32): error TS2345: Argument of type 'GenreConfig' is not assignable to parameter of type 'SetStateAction<{ style: string; name: string; id: string; description: string; theme: { '--background-color': string; '--text-color': string; '--accent-color': string; '--font-family': string; }; startScreenImagePrompt: string; conceptPrompt: string; aiSystemInstruction: string; }>'.
  Type 'GenreConfig' is missing the following properties from type '{ style: string; name: string; id: string; description: string; theme: { '--background-color': string; '--text-color': string; '--accent-color': string; '--font-family': string; }; startScreenImagePrompt: string; conceptPrompt: string; aiSystemInstruction: string; }': style, theme, startScreenImagePrompt, conceptPrompt, aiSystemInstruction
src/flows/DescentFlow.ts(104,33): error TS2345: Argument of type 'Command[]' is not assignable to parameter of type '({ type: "createSegment"; payload: { id: string; }; } | { type: "displayText"; payload: { segmentId: string; content: string; }; } | { type: "wait"; payload: { duration: number; }; } | { type: "generateAmbiance"; payload: { ...; }; } | ... 4 more ... | { ...; })[]'.
  Type 'Command' is not assignable to type '{ type: "createSegment"; payload: { id: string; }; } | { type: "displayText"; payload: { segmentId: string; content: string; }; } | { type: "wait"; payload: { duration: number; }; } | { type: "generateAmbiance"; payload: { ...; }; } | ... 4 more ... | { ...; }'.
    Type '{ type: "updateWorldState"; payload: Partial<WorldState>; }' is not assignable to type '{ type: "createSegment"; payload: { id: string; }; } | { type: "displayText"; payload: { segmentId: string; content: string; }; } | { type: "wait"; payload: { duration: number; }; } | { type: "generateAmbiance"; payload: { ...; }; } | ... 4 more ... | { ...; }'.
      Type '{ type: "updateWorldState"; payload: Partial<WorldState>; }' is not assignable to type '{ type: "updateWorldState"; payload: { summary?: string | undefined; protagonist?: string | undefined; setting?: string | undefined; dilemma?: string | undefined; psychologicalStatus?: "Stable" | ... 3 more ... | undefined; systemHealth?: number | undefined; }; }'.
        The types of 'payload.psychologicalStatus' are incompatible between these types.
          Type 'PsychologicalStatus | undefined' is not assignable to type '"Stable" | "Uneasy" | "Paranoid" | "Fragmented" | undefined'.
            Type 'PsychologicalStatus.STABLE' is not assignable to type '"Stable" | "Uneasy" | "Paranoid" | "Fragmented" | undefined'. Did you mean '"Stable"'?
src/flows/DescentFlow.ts(263,11): error TS7034: Variable 'storyHistory' implicitly has type 'any[]' in some locations where its type cannot be determined.
src/flows/DescentFlow.ts(268,7): error TS2554: Expected 1 arguments, but got 5.
src/flows/DescentFlow.ts(270,7): error TS7005: Variable 'storyHistory' implicitly has an 'any[]' type.
src/flows/FlowContextBuilder.ts(29,7): error TS2322: Type '{ text: string; id: string; images: { main?: string | undefined; mainStatus?: "loading" | "loaded" | "failed" | "retrying" | undefined; inset?: string[] | undefined; }; corruptionLevel?: number | undefined; isRevised?: boolean | undefined; originalText?: string | undefined; isQuantumShift?: boolean | undefined; isMe...' is not assignable to type 'StorySegment[]'.
  Property 'timestamp' is missing in type '{ text: string; id: string; images: { main?: string | undefined; mainStatus?: "loading" | "loaded" | "failed" | "retrying" | undefined; inset?: string[] | undefined; }; corruptionLevel?: number | undefined; isRevised?: boolean | undefined; originalText?: string | undefined; isQuantumShift?: boolean | undefined; isMe...' but required in type 'StorySegment'.
src/flows/FlowContextBuilder.ts(31,7): error TS2741: Property 'id' is missing in type '{ text: string; isIntrusive: boolean; segmentId?: string | undefined; }' but required in type 'Choice'.
src/flows/FlowContextBuilder.ts(45,7): error TS2322: Type '{ text: string; id: string; images: { main?: string | undefined; mainStatus?: "loading" | "loaded" | "failed" | "retrying" | undefined; inset?: string[] | undefined; }; corruptionLevel?: number | undefined; isRevised?: boolean | undefined; originalText?: string | undefined; isQuantumShift?: boolean | undefined; isMe...' is not assignable to type 'StorySegment[]'.
  Property 'timestamp' is missing in type '{ text: string; id: string; images: { main?: string | undefined; mainStatus?: "loading" | "loaded" | "failed" | "retrying" | undefined; inset?: string[] | undefined; }; corruptionLevel?: number | undefined; isRevised?: boolean | undefined; originalText?: string | undefined; isQuantumShift?: boolean | undefined; isMe...' but required in type 'StorySegment'.
src/flows/FlowContextBuilder.ts(47,7): error TS2322: Type '{ text: string; isIntrusive: boolean; segmentId?: string | undefined; } | undefined' is not assignable to type 'Choice | undefined'.
  Property 'id' is missing in type '{ text: string; isIntrusive: boolean; segmentId?: string | undefined; }' but required in type 'Choice'.
src/flows/UnravelingFlow.ts(98,33): error TS2345: Argument of type 'Command[]' is not assignable to parameter of type '({ type: "createSegment"; payload: { id: string; }; } | { type: "displayText"; payload: { segmentId: string; content: string; }; } | { type: "wait"; payload: { duration: number; }; } | { type: "generateAmbiance"; payload: { ...; }; } | ... 4 more ... | { ...; })[]'.
  Type 'Command' is not assignable to type '{ type: "createSegment"; payload: { id: string; }; } | { type: "displayText"; payload: { segmentId: string; content: string; }; } | { type: "wait"; payload: { duration: number; }; } | { type: "generateAmbiance"; payload: { ...; }; } | ... 4 more ... | { ...; }'.
    Type '{ type: "updateWorldState"; payload: Partial<WorldState>; }' is not assignable to type '{ type: "createSegment"; payload: { id: string; }; } | { type: "displayText"; payload: { segmentId: string; content: string; }; } | { type: "wait"; payload: { duration: number; }; } | { type: "generateAmbiance"; payload: { ...; }; } | ... 4 more ... | { ...; }'.
      Type '{ type: "updateWorldState"; payload: Partial<WorldState>; }' is not assignable to type '{ type: "updateWorldState"; payload: { summary?: string | undefined; protagonist?: string | undefined; setting?: string | undefined; dilemma?: string | undefined; psychologicalStatus?: "Stable" | ... 3 more ... | undefined; systemHealth?: number | undefined; }; }'.
        The types of 'payload.psychologicalStatus' are incompatible between these types.
          Type 'PsychologicalStatus | undefined' is not assignable to type '"Stable" | "Uneasy" | "Paranoid" | "Fragmented" | undefined'.
            Type 'PsychologicalStatus.STABLE' is not assignable to type '"Stable" | "Uneasy" | "Paranoid" | "Fragmented" | undefined'. Did you mean '"Stable"'?
src/flows/UnravelingFlow.ts(308,11): error TS7034: Variable 'storyHistory' implicitly has type 'any[]' in some locations where its type cannot be determined.
src/flows/UnravelingFlow.ts(312,7): error TS2554: Expected 1 arguments, but got 5.
src/flows/UnravelingFlow.ts(314,7): error TS7005: Variable 'storyHistory' implicitly has an 'any[]' type.
src/hooks/useGameLoop.ts(4,10): error TS2305: Module '"../services/gameService"' has no exported member 'getNextStep'.
src/services/ai/director.ts(22,7): error TS2554: Expected 1 arguments, but got 5.
src/services/ai/director.ts(29,9): error TS7053: Element implicitly has an 'any' type because expression of type '0' can't be used to index type 'AIResponse'.
  Property '0' does not exist on type 'AIResponse'.
src/services/ai/director.ts(30,30): error TS7053: Element implicitly has an 'any' type because expression of type '0' can't be used to index type 'AIResponse'.
  Property '0' does not exist on type 'AIResponse'.
src/services/ai/engines/AdaptiveHorrorEngine.ts(95,9): error TS2554: Expected 1 arguments, but got 5.
src/services/ai/engines/AdaptiveHorrorEngine.ts(101,11): error TS7053: Element implicitly has an 'any' type because expression of type '0' can't be used to index type 'AIResponse'.
  Property '0' does not exist on type 'AIResponse'.
src/services/ai/engines/AdaptiveHorrorEngine.ts(102,26): error TS7053: Element implicitly has an 'any' type because expression of type '0' can't be used to index type 'AIResponse'.
  Property '0' does not exist on type 'AIResponse'.
src/services/ai/engines/AdaptiveHorrorEngine.ts(149,9): error TS2554: Expected 1 arguments, but got 5.
src/services/ai/engines/AdaptiveHorrorEngine.ts(155,11): error TS7053: Element implicitly has an 'any' type because expression of type '0' can't be used to index type 'AIResponse'.
  Property '0' does not exist on type 'AIResponse'.
src/services/ai/engines/AdaptiveHorrorEngine.ts(156,26): error TS7053: Element implicitly has an 'any' type because expression of type '0' can't be used to index type 'AIResponse'.
  Property '0' does not exist on type 'AIResponse'.
src/services/ai/engines/MetaConsciousnessEngine.ts(54,9): error TS2554: Expected 1 arguments, but got 5.
src/services/ai/engines/MetaConsciousnessEngine.ts(59,11): error TS7053: Element implicitly has an 'any' type because expression of type '0' can't be used to index type 'AIResponse'.
  Property '0' does not exist on type 'AIResponse'.
src/services/ai/engines/MetaConsciousnessEngine.ts(60,16): error TS7053: Element implicitly has an 'any' type because expression of type '0' can't be used to index type 'AIResponse'.
  Property '0' does not exist on type 'AIResponse'.
src/services/ai/engines/QuantumNarrativeEngine.ts(75,9): error TS2554: Expected 1 arguments, but got 5.
src/services/ai/engines/QuantumNarrativeEngine.ts(80,11): error TS7053: Element implicitly has an 'any' type because expression of type '0' can't be used to index type 'AIResponse'.
  Property '0' does not exist on type 'AIResponse'.
src/services/ai/engines/QuantumNarrativeEngine.ts(81,16): error TS7053: Element implicitly has an 'any' type because expression of type '0' can't be used to index type 'AIResponse'.
  Property '0' does not exist on type 'AIResponse'.
src/services/ai/engines/RealityCorruptionEngine.ts(65,9): error TS2554: Expected 1 arguments, but got 5.
src/services/ai/engines/RealityCorruptionEngine.ts(70,11): error TS7053: Element implicitly has an 'any' type because expression of type '0' can't be used to index type 'AIResponse'.
  Property '0' does not exist on type 'AIResponse'.
src/services/ai/engines/RealityCorruptionEngine.ts(71,16): error TS7053: Element implicitly has an 'any' type because expression of type '0' can't be used to index type 'AIResponse'.
  Property '0' does not exist on type 'AIResponse'.
src/services/ai/engines/TemporalRevisionEngine.ts(243,9): error TS2554: Expected 1 arguments, but got 5.
src/services/ai/engines/TemporalRevisionEngine.ts(249,11): error TS7053: Element implicitly has an 'any' type because expression of type '0' can't be used to index type 'AIResponse'.
  Property '0' does not exist on type 'AIResponse'.
src/services/ai/engines/TemporalRevisionEngine.ts(250,16): error TS7053: Element implicitly has an 'any' type because expression of type '0' can't be used to index type 'AIResponse'.
  Property '0' does not exist on type 'AIResponse'.
src/services/ai/genkit.ts(96,26): error TS2339: Property 'FALLBACK_TEXT' does not exist on type '{ PRIMARY_TEXT: string; PRIMARY_IMAGE: string; FALLBACK_IMAGE: string; SECONDARY_FALLBACK_IMAGE: string; CONCEPT_GENERATION: { model: string; temperature: number; topK: number; topP: number; maxOutputTokens: number; enableThinking: boolean; thinkingBudget: string; contextWindow: number; }; STORY_PROGRESSION: { ...; ...'.
src/services/ai/responseParser.ts(93,24): error TS2345: Argument of type '{ type: "createSegment"; payload: { id: string; }; } | { type: "displayText"; payload: { segmentId: string; content: string; }; } | { type: "displayChoices"; payload: { choices: { text: string; id: string; isIntrusive?: boolean | undefined; consequence?: string | undefined; psychologicalWeight?: number | undefined; ...' is not assignable to parameter of type 'Command'.
  Type '{ type: "displayChoices"; payload: { choices: { text: string; id: string; isIntrusive?: boolean | undefined; consequence?: string | undefined; psychologicalWeight?: number | undefined; }[]; intrusiveThought?: { ...; } | undefined; }; }' is not assignable to type 'Command'.
    Type '{ type: "displayChoices"; payload: { choices: { text: string; id: string; isIntrusive?: boolean | undefined; consequence?: string | undefined; psychologicalWeight?: number | undefined; }[]; intrusiveThought?: { ...; } | undefined; }; }' is not assignable to type '{ type: "displayChoices"; payload: { choices: Choice[]; intrusiveThought?: Choice | undefined; }; }'.
      The types of 'payload.choices' are incompatible between these types.
        Type '{ text: string; id: string; isIntrusive?: boolean | undefined; consequence?: string | undefined; psychologicalWeight?: number | undefined; }[]' is not assignable to type 'Choice[]'.
          Type '{ text: string; id: string; isIntrusive?: boolean | undefined; consequence?: string | undefined; psychologicalWeight?: number | undefined; }' is not assignable to type 'Choice'.
            Types of property 'isIntrusive' are incompatible.
              Type 'boolean | undefined' is not assignable to type 'boolean'.
                Type 'undefined' is not assignable to type 'boolean'.
src/services/ai/unifiedAIService.ts(26,54): error TS2769: No overload matches this call.
  Overload 1 of 4, '(iterable?: Iterable<readonly [AIProvider, GrokService]> | null | undefined): Map<AIProvider, GrokService>', gave the following error.
    Argument of type '([AIProvider.GROK, GrokService] | [AIProvider.MOCK, MockService])[]' is not assignable to parameter of type 'Iterable<readonly [AIProvider, GrokService]>'.
      The types returned by '[Symbol.iterator]().next(...)' are incompatible between these types.
        Type 'IteratorResult<[AIProvider.GROK, GrokService] | [AIProvider.MOCK, MockService], undefined>' is not assignable to type 'IteratorResult<readonly [AIProvider, GrokService], any>'.
          Type 'IteratorYieldResult<[AIProvider.GROK, GrokService] | [AIProvider.MOCK, MockService]>' is not assignable to type 'IteratorResult<readonly [AIProvider, GrokService], any>'.
            Type 'IteratorYieldResult<[AIProvider.GROK, GrokService] | [AIProvider.MOCK, MockService]>' is not assignable to type 'IteratorYieldResult<readonly [AIProvider, GrokService]>'.
              Type '[AIProvider.GROK, GrokService] | [AIProvider.MOCK, MockService]' is not assignable to type 'readonly [AIProvider, GrokService]'.
                Type '[AIProvider.MOCK, MockService]' is not assignable to type 'readonly [AIProvider, GrokService]'.
                  Type at position 1 in source is not compatible with type at position 1 in target.
                    Property 'apiKey' is missing in type 'MockService' but required in type 'GrokService'.
  Overload 2 of 4, '(entries?: readonly (readonly [AIProvider, GrokService])[] | null | undefined): Map<AIProvider, GrokService>', gave the following error.
    Property 'apiKey' is missing in type 'MockService' but required in type 'GrokService'.
src/services/flows/gameFlow.ts(3,10): error TS2305: Module '"../gameService"' has no exported member 'summarizeHistory'.
src/services/flows/gameFlow.ts(23,14): error TS7006: Parameter 'summary' implicitly has an 'any' type.
src/services/flows/gameFlow.ts(28,15): error TS7006: Parameter 'error' implicitly has an 'any' type.
src/stores/aiModelStore.ts(10,10): error TS2305: Module '"../services/ai/grokService"' has no exported member 'xaiClient'.
