/home/user/Apophenia/src/utils/featureFallbacks.ts:141:    method in (FEATURE_FALLBACKS as any)[feature]
/home/user/Apophenia/src/utils/featureFallbacks.ts:152:  emptyArray: [] as any[],
/home/user/Apophenia/src/services/ai/__tests__/backendAPIService.test.ts:5:(global as any).fetch = mockFetch;
/home/user/Apophenia/src/services/ai/director.ts:23:        worldState: worldState as any, // Type conversion needed
/home/user/Apophenia/src/services/ai/director.ts:25:        playerProfile: {} as any,
/home/user/Apophenia/src/services/ai/engines/RealityCorruptionEngine.ts:66:          worldState: worldState as any,
/home/user/Apophenia/src/services/ai/engines/RealityCorruptionEngine.ts:67:          recentHistory: storyHistory as any,
/home/user/Apophenia/src/services/ai/engines/RealityCorruptionEngine.ts:68:          playerProfile: {} as any,
/home/user/Apophenia/src/services/ai/engines/QuantumNarrativeEngine.ts:76:          worldState: worldState as any,
/home/user/Apophenia/src/services/ai/engines/QuantumNarrativeEngine.ts:77:          recentHistory: storyHistory as any,
/home/user/Apophenia/src/services/ai/engines/QuantumNarrativeEngine.ts:78:          playerProfile: {} as any,
/home/user/Apophenia/src/services/ai/engines/MetaConsciousnessEngine.ts:55:          worldState: worldState as any,
/home/user/Apophenia/src/services/ai/engines/MetaConsciousnessEngine.ts:56:          recentHistory: storyHistory as any,
/home/user/Apophenia/src/services/ai/engines/MetaConsciousnessEngine.ts:57:          playerProfile: {} as any,
/home/user/Apophenia/src/services/ai/engines/TemporalRevisionEngine.ts:244:          worldState: worldState as any,
/home/user/Apophenia/src/services/ai/engines/TemporalRevisionEngine.ts:245:          recentHistory: storyHistory as any,
/home/user/Apophenia/src/services/ai/engines/TemporalRevisionEngine.ts:246:          playerProfile: {} as any,
/home/user/Apophenia/src/services/ai/engines/TemporalRevisionEngine.ts:275:      return `${originalText} (But was any of this real?)`;
/home/user/Apophenia/src/services/ai/engines/AdaptiveHorrorEngine.ts:96:          worldState: worldState as any,
/home/user/Apophenia/src/services/ai/engines/AdaptiveHorrorEngine.ts:97:          recentHistory: storyHistory as any,
/home/user/Apophenia/src/services/ai/engines/AdaptiveHorrorEngine.ts:98:          playerProfile: {} as any,
/home/user/Apophenia/src/services/ai/engines/AdaptiveHorrorEngine.ts:153:          worldState: worldState as any,
/home/user/Apophenia/src/services/ai/engines/AdaptiveHorrorEngine.ts:154:          recentHistory: storyHistory as any,
/home/user/Apophenia/src/services/ai/engines/AdaptiveHorrorEngine.ts:155:          playerProfile: {} as any,
/home/user/Apophenia/src/flows/FlowContextBuilder.ts:75:      ? (storyHistory[0] as any).timestamp || Date.now()
/home/user/Apophenia/src/flows/FlowContextBuilder.ts:151:        return PsychologicalStatus.STABLE as any;
/home/user/Apophenia/src/flows/FlowContextBuilder.ts:153:        return PsychologicalStatus.UNEASY as any;
/home/user/Apophenia/src/flows/FlowContextBuilder.ts:155:        return PsychologicalStatus.PARANOID as any;
/home/user/Apophenia/src/flows/FlowContextBuilder.ts:157:        return PsychologicalStatus.FRAGMENTED as any;
/home/user/Apophenia/src/flows/FlowContextBuilder.ts:159:        return PsychologicalStatus.SHATTERED as any;
/home/user/Apophenia/src/flows/FlowContextBuilder.ts:161:        return PsychologicalStatus.STABLE as any;
/home/user/Apophenia/src/flows/DescentFlow.ts:160:    // Type engines as any[] to avoid TypeScript errors with legacy engine implementations
/home/user/Apophenia/src/flows/FlowCoordinator.ts:95:    // Type engines as any[] to avoid TypeScript errors with legacy engine implementations
/home/user/Apophenia/src/flows/FlowCoordinator.ts:152:      await executeCommandQueue(commands as any);
/home/user/Apophenia/src/flows/UnravelingFlow.ts:193:    // Type engines as any[] to avoid TypeScript errors with legacy engine implementations
